# JRE version: Java(TM) SE Runtime Environment (8.0_101-b13) (build 1.8.0_101-b13)
# Java VM: Java HotSpot(TM) 64-Bit Server VM (25.101-b13 mixed mode windows-amd64 compressed oops)
Heap:
 PSYoungGen      total 263680K, used 50841K [0x00000000eab00000, 0x0000000100000000, 0x0000000100000000)
  eden space 194560K, 20% used [0x00000000eab00000,0x00000000ed244678,0x00000000f6900000)
  from space 69120K, 15% used [0x00000000fbc80000,0x00000000fc6e1ee0,0x0000000100000000)
  to   space 77312K, 0% used [0x00000000f6900000,0x00000000f6900000,0x00000000fb480000)
 ParOldGen       total 195072K, used 110574K [0x00000000c0000000, 0x00000000cbe80000, 0x00000000eab00000)
  object space 195072K, 56% used [0x00000000c0000000,0x00000000c6bfba90,0x00000000cbe80000)
 Metaspace       used 6986K, capacity 7640K, committed 7936K, reserved 1056768K
  class space    used 666K, capacity 720K, committed 768K, reserved 1048576K
GC Heap History (10 events):
Event: 16.055 GC heap before
{Heap before GC invocations=8 (full 1):
 PSYoungGen      total 168960K, used 168795K [0x00000000eab00000, 0x00000000f9800000, 0x0000000100000000)
  eden space 148480K, 100% used [0x00000000eab00000,0x00000000f3c00000,0x00000000f3c00000)
  from space 20480K, 99% used [0x00000000f8400000,0x00000000f97d6dd8,0x00000000f9800000)
  to   space 33792K, 0% used [0x00000000f5600000,0x00000000f5600000,0x00000000f7700000)
 ParOldGen       total 108032K, used 42885K [0x00000000c0000000, 0x00000000c6980000, 0x00000000eab00000)
  object space 108032K, 39% used [0x00000000c0000000,0x00000000c29e1600,0x00000000c6980000)
 Metaspace       used 5994K, capacity 7024K, committed 7296K, reserved 1056768K
  class space    used 589K, capacity 616K, committed 640K, reserved 1048576K
Event: 16.113 GC heap after
Heap after GC invocations=8 (full 1):
 PSYoungGen      total 208896K, used 33778K [0x00000000eab00000, 0x00000000fe380000, 0x0000000100000000)
  eden space 175104K, 0% used [0x00000000eab00000,0x00000000eab00000,0x00000000f5600000)
  from space 33792K, 99% used [0x00000000f5600000,0x00000000f76fcaf8,0x00000000f7700000)
  to   space 45568K, 0% used [0x00000000fb700000,0x00000000fb700000,0x00000000fe380000)
 ParOldGen       total 108032K, used 53856K [0x00000000c0000000, 0x00000000c6980000, 0x00000000eab00000)
  object space 108032K, 49% used [0x00000000c0000000,0x00000000c3498138,0x00000000c6980000)
 Metaspace       used 5994K, capacity 7024K, committed 7296K, reserved 1056768K
  class space    used 589K, capacity 616K, committed 640K, reserved 1048576K
}
Event: 16.982 GC heap before
{Heap before GC invocations=9 (full 1):
 PSYoungGen      total 208896K, used 208882K [0x00000000eab00000, 0x00000000fe380000, 0x0000000100000000)
  eden space 175104K, 100% used [0x00000000eab00000,0x00000000f5600000,0x00000000f5600000)
  from space 33792K, 99% used [0x00000000f5600000,0x00000000f76fcaf8,0x00000000f7700000)
  to   space 45568K, 0% used [0x00000000fb700000,0x00000000fb700000,0x00000000fe380000)
 ParOldGen       total 108032K, used 53856K [0x00000000c0000000, 0x00000000c6980000, 0x00000000eab00000)
  object space 108032K, 49% used [0x00000000c0000000,0x00000000c3498138,0x00000000c6980000)
 Metaspace       used 6068K, capacity 7088K, committed 7296K, reserved 1056768K
  class space    used 589K, capacity 616K, committed 640K, reserved 1048576K
Event: 17.103 GC heap after
Heap after GC invocations=9 (full 1):
 PSYoungGen      total 260096K, used 45559K [0x00000000eab00000, 0x0000000100000000, 0x0000000100000000)
  eden space 214528K, 0% used [0x00000000eab00000,0x00000000eab00000,0x00000000f7c80000)
  from space 45568K, 99% used [0x00000000fb700000,0x00000000fe37dd48,0x00000000fe380000)
  to   space 59904K, 0% used [0x00000000f7c80000,0x00000000f7c80000,0x00000000fb700000)
 ParOldGen       total 108032K, used 67679K [0x00000000c0000000, 0x00000000c6980000, 0x00000000eab00000)
  object space 108032K, 62% used [0x00000000c0000000,0x00000000c4217ed0,0x00000000c6980000)
 Metaspace       used 6068K, capacity 7088K, committed 7296K, reserved 1056768K
  class space    used 589K, capacity 616K, committed 640K, reserved 1048576K
}
Event: 18.021 GC heap before
{Heap before GC invocations=10 (full 1):
 PSYoungGen      total 260096K, used 260087K [0x00000000eab00000, 0x0000000100000000, 0x0000000100000000)
  eden space 214528K, 100% used [0x00000000eab00000,0x00000000f7c80000,0x00000000f7c80000)
  from space 45568K, 99% used [0x00000000fb700000,0x00000000fe37dd48,0x00000000fe380000)
  to   space 59904K, 0% used [0x00000000f7c80000,0x00000000f7c80000,0x00000000fb700000)
 ParOldGen       total 108032K, used 67679K [0x00000000c0000000, 0x00000000c6980000, 0x00000000eab00000)
  object space 108032K, 62% used [0x00000000c0000000,0x00000000c4217ed0,0x00000000c6980000)
 Metaspace       used 6152K, capacity 7152K, committed 7296K, reserved 1056768K
  class space    used 593K, capacity 616K, committed 640K, reserved 1048576K
Event: 18.162 GC heap after
Heap after GC invocations=10 (full 1):
 PSYoungGen      total 274432K, used 58119K [0x00000000eab00000, 0x0000000100000000, 0x0000000100000000)
  eden space 214528K, 0% used [0x00000000eab00000,0x00000000eab00000,0x00000000f7c80000)
  from space 59904K, 97% used [0x00000000f7c80000,0x00000000fb541df0,0x00000000fb700000)
  to   space 69120K, 0% used [0x00000000fbc80000,0x00000000fbc80000,0x0000000100000000)
 ParOldGen       total 108032K, used 81316K [0x00000000c0000000, 0x00000000c6980000, 0x00000000eab00000)
  object space 108032K, 75% used [0x00000000c0000000,0x00000000c4f690c8,0x00000000c6980000)
 Metaspace       used 6152K, capacity 7152K, committed 7296K, reserved 1056768K
  class space    used 593K, capacity 616K, committed 640K, reserved 1048576K
}
Event: 22.238 GC heap before
{Heap before GC invocations=11 (full 1):
 PSYoungGen      total 274432K, used 272647K [0x00000000eab00000, 0x0000000100000000, 0x0000000100000000)
  eden space 214528K, 100% used [0x00000000eab00000,0x00000000f7c80000,0x00000000f7c80000)
  from space 59904K, 97% used [0x00000000f7c80000,0x00000000fb541df0,0x00000000fb700000)
  to   space 69120K, 0% used [0x00000000fbc80000,0x00000000fbc80000,0x0000000100000000)
 ParOldGen       total 108032K, used 81316K [0x00000000c0000000, 0x00000000c6980000, 0x00000000eab00000)
  object space 108032K, 75% used [0x00000000c0000000,0x00000000c4f690c8,0x00000000c6980000)
 Metaspace       used 6273K, capacity 7192K, committed 7424K, reserved 1056768K
  class space    used 616K, capacity 656K, committed 768K, reserved 1048576K
Event: 22.507 GC heap after
Heap after GC invocations=11 (full 1):
 PSYoungGen      total 263680K, used 60984K [0x00000000eab00000, 0x0000000100000000, 0x0000000100000000)
  eden space 194560K, 0% used [0x00000000eab00000,0x00000000eab00000,0x00000000f6900000)
  from space 69120K, 88% used [0x00000000fbc80000,0x00000000ff80e368,0x0000000100000000)
  to   space 77312K, 0% used [0x00000000f6900000,0x00000000f6900000,0x00000000fb480000)
 ParOldGen       total 110592K, used 110230K [0x00000000c0000000, 0x00000000c6c00000, 0x00000000eab00000)
  object space 110592K, 99% used [0x00000000c0000000,0x00000000c6ba5a00,0x00000000c6c00000)
 Metaspace       used 6273K, capacity 7192K, committed 7424K, reserved 1056768K
  class space    used 616K, capacity 656K, committed 768K, reserved 1048576K
}
Event: 22.507 GC heap before
{Heap before GC invocations=12 (full 2):
 PSYoungGen      total 263680K, used 60984K [0x00000000eab00000, 0x0000000100000000, 0x0000000100000000)
  eden space 194560K, 0% used [0x00000000eab00000,0x00000000eab00000,0x00000000f6900000)
  from space 69120K, 88% used [0x00000000fbc80000,0x00000000ff80e368,0x0000000100000000)
  to   space 77312K, 0% used [0x00000000f6900000,0x00000000f6900000,0x00000000fb480000)
 ParOldGen       total 110592K, used 110230K [0x00000000c0000000, 0x00000000c6c00000, 0x00000000eab00000)
  object space 110592K, 99% used [0x00000000c0000000,0x00000000c6ba5a00,0x00000000c6c00000)
 Metaspace       used 6273K, capacity 7192K, committed 7424K, reserved 1056768K
  class space    used 616K, capacity 656K, committed 768K, reserved 1048576K
Event: 23.871 GC heap after
Heap after GC invocations=12 (full 2):
 PSYoungGen      total 263680K, used 10631K [0x00000000eab00000, 0x0000000100000000, 0x0000000100000000)
  eden space 194560K, 0% used [0x00000000eab00000,0x00000000eab00000,0x00000000f6900000)
  from space 69120K, 15% used [0x00000000fbc80000,0x00000000fc6e1ee0,0x0000000100000000)
  to   space 77312K, 0% used [0x00000000f6900000,0x00000000f6900000,0x00000000fb480000)
 ParOldGen       total 195072K, used 110574K [0x00000000c0000000, 0x00000000cbe80000, 0x00000000eab00000)
  object space 195072K, 56% used [0x00000000c0000000,0x00000000c6bfba90,0x00000000cbe80000)
 Metaspace       used 6273K, capacity 7192K, committed 7424K, reserved 1056768K
  class space    used 616K, capacity 656K, committed 768K, reserved 1048576K
}

